<?xml version="1.0" encoding="UTF-8"?><mets:mets xmlns:mets="http://www.loc.gov/METS/" xmlns:pbcore="http://www.pbcore.org/PBCore/PBCoreNamespace.html" xmlns:premis="http://www.loc.gov/premis/v3" xmlns:mods="http://www.loc.gov/mods/v3" xmlns:mix="http://www.loc.gov/mix/v20" xmlns:xlink="http://www.w3.org/1999/xlink" xmlns:xsi="http://www.w3.org/2001/XMLSchema-instance" xsi:schemaLocation="http://www.loc.gov/METS/ http://www.loc.gov/standards/mets/version111/mets.xsd" TYPE="File" OBJID="METADATA_GUID_PLACE_HOLDER" PROFILE="http://id.kb.dk/standards/mets/profiles/version_2/kbMetsProfile.xml">
    <mets:metsHdr CREATEDATE="2017-05-11T12:19:55.149+02:00">
        <mets:agent ID="kbDk" ROLE="CREATOR" TYPE="ORGANIZATION">
            <mets:name>kbDk</mets:name>
            <mets:note>kbDkInternal</mets:note>
        </mets:agent>
        <mets:agent ID="kbDkCumulusBevaringsService" ROLE="CREATOR" TYPE="OTHER" OTHERTYPE="API">
            <mets:name>kbDkCumulusBevaringsService (v. Undetermined) </mets:name>
            <mets:note>kbDkInternal</mets:note>
        </mets:agent>
    </mets:metsHdr>
    <mets:dmdSec CREATED="2017-05-11T12:19:55.162+02:00" ID="Mods1">
        <mets:mdWrap MDTYPE="MODS">
            <mets:xmlData>
                <mods:mods xmlns:xlink="http://www.w3.org.1999/xlink" version="3.6" xsi:schemaLocation="http://www.loc.gov/mods/v3 http://www.loc.gov/standards/mods/v3/mods-3-6.xsd">
                    <mods:genre type="KB Samling">H</mods:genre>
                    <mods:genre type="Catalog Name">test_sam</mods:genre>
                    <mods:genre type="Categories">Fotografi, DO Foto, Negativ, Salg, S-Carrebye, Carreby</mods:genre>
                    <mods:identifier type="uri">urn:uuid:ece9b2d0-0758-11e0-bc9e-0016357f605f</mods:identifier>
                    <mods:identifier type="local">Car_S-9090.tif</mods:identifier>
                    <mods:identifier type="Asset Reference">/online_master_arkiv_7/non-archival/samlingsbilleder/Carrebye/Car_S-9090.tif</mods:identifier>
                    <mods:name type="personal">
                        <mods:namePart>Carrebye</mods:namePart>
                        <mods:role>
                            <mods:roleTerm type="text" lang="da">Ophav</mods:roleTerm>
                            <mods:roleTerm type="text" lang="en">Creator</mods:roleTerm>
                        </mods:role>
                    </mods:name>
                    <mods:name type="personal">
                        <mods:namePart>Mogens Carreby</mods:namePart>
                        <mods:role>
                            <mods:roleTerm type="text" lang="en">Author</mods:roleTerm>
                            <mods:roleTerm type="text" lang="da">Forfatter</mods:roleTerm>
                        </mods:role>
                    </mods:name>
                    <mods:note type="content">Jacob Holm &amp; Sønner</mods:note>
                    <mods:recordInfo>
                        <mods:recordCreationDate encoding="w3cdtf">2010-03-18T12:04:35.000+01:00</mods:recordCreationDate>
                        <mods:recordChangeDate encoding="w3cdtf">2012-06-07T15:33:35.000+02:00</mods:recordChangeDate>
                        <mods:recordIdentifier>34</mods:recordIdentifier>
                        <mods:languageOfCataloging>
                            <mods:languageTerm authority="rfc4646" type="code">da</mods:languageTerm>
                        </mods:languageOfCataloging>
                        <mods:recordInfoNote>LTR</mods:recordInfoNote>
                    </mods:recordInfo>
                    <mods:relatedItem type="otherFormat">
                        <mods:identifier displayLabel="image" type="uri">http://www.kb.dk/imageService/online_master_arkiv_7/non-archival/samlingsbilleder/Carrebye/Car_S-9090.jpg</mods:identifier>
                        <mods:identifier displayLabel="thumbnail" type="uri">http://www.kb.dk/imageService/w150/h150/online_master_arkiv_7/non-archival/samlingsbilleder/Carrebye/Car_S-9090.jpg</mods:identifier>
                    </mods:relatedItem>
                    <mods:subject>
                        <mods:topic>rebslageri</mods:topic>
                        <mods:genre>Keywords</mods:genre>
                    </mods:subject>
                    <mods:subject>
                        <mods:geographic>Danmark, Amager</mods:geographic>
                        <mods:genre lang="da">Location</mods:genre>
                        <mods:genre lang="en">Lokalitet</mods:genre>
                    </mods:subject>
                    <mods:titleInfo>
                        <mods:title>Jacob Holm &amp; Sønner rebslageri</mods:title>
                    </mods:titleInfo>
                    <mods:typeOfResource>still image</mods:typeOfResource>
                </mods:mods>
            </mets:xmlData>
        </mets:mdWrap>
    </mets:dmdSec>
    <mets:amdSec>
        <mets:techMD CREATED="2017-05-11T12:19:55.355+02:00" ID="PremisObject1">
            <mets:mdWrap MDTYPE="PREMIS:OBJECT">
                <mets:xmlData>
                    <premis:object xsi:schemaLocation="http://www.loc.gov/premis/v3 http://www.loc.gov/standards/premis/v3/premis-v3-0.xsd" xsi:type="premis:file">
                        <premis:objectIdentifier>
                            <premis:objectIdentifierType>UUID</premis:objectIdentifierType>
                            <premis:objectIdentifierValue>ece9b2d0-0758-11e0-bc9e-0016357f605f</premis:objectIdentifierValue>
                        </premis:objectIdentifier>
                        <premis:objectCharacteristics>
                            <premis:compositionLevel>0</premis:compositionLevel>
                            <premis:fixity>
                                <premis:messageDigestAlgorithm>MD5</premis:messageDigestAlgorithm>
                                <premis:messageDigest>05b4e7ad286315c880c8b1e4abcb5aa4</premis:messageDigest>
                            </premis:fixity>
                            <premis:size>162520726</premis:size>
                            <premis:format>
                                <premis:formatDesignation>
                                    <premis:formatName>TIFF Image</premis:formatName>
                                    <premis:formatVersion>6.0</premis:formatVersion>
                                </premis:formatDesignation>
                                <premis:formatNote>Validated by Cumulus version: 10.1.3</premis:formatNote>
                            </premis:format>
                            <premis:creatingApplication>
                                <premis:creatingApplicationName>Adobe Photoshop CS3 Macintosh</premis:creatingApplicationName>
                            </premis:creatingApplication>
                            <premis:objectCharacteristicsExtension>
                                <mix:mix xmlns:xlink="http://www.w3.org.1999/xlink" xsi:schemaLocation="http://www.loc.gov/mix/v20 http://www.loc.gov/standards/mix/mix20/mix20.xsd">
                                    <mix:BasicDigitalObjectInformation>
                                        <mix:ObjectIdentifier>
                                            <mix:objectIdentifierType>UUID</mix:objectIdentifierType>
                                            <mix:objectIdentifierValue>ece9b2d0-0758-11e0-bc9e-0016357f605f</mix:objectIdentifierValue>
                                        </mix:ObjectIdentifier>
                                        <mix:fileSize>162520726</mix:fileSize>
                                        <mix:FormatDesignation>
                                            <mix:formatName>TIFF Image</mix:formatName>
                                            <mix:formatVersion>6.0</mix:formatVersion>
                                        </mix:FormatDesignation>
                                        <mix:byteOrder>big endian</mix:byteOrder>
                                        <mix:Compression>
                                            <mix:compressionScheme>Uncompressed</mix:compressionScheme>
                                        </mix:Compression>
                                        <mix:Fixity>
                                            <mix:messageDigestAlgorithm>MD5</mix:messageDigestAlgorithm>
                                            <mix:messageDigest>05b4e7ad286315c880c8b1e4abcb5aa4</mix:messageDigest>
                                        </mix:Fixity>
                                    </mix:BasicDigitalObjectInformation>
                                    <mix:BasicImageInformation>
                                        <mix:BasicImageCharacteristics>
                                            <mix:imageWidth>8447</mix:imageWidth>
                                            <mix:imageHeight>6413</mix:imageHeight>
                                            <mix:PhotometricInterpretation>
                                                <mix:colorSpace>RGB</mix:colorSpace>
                                                <mix:ColorProfile>
                                                    <mix:IccProfile>
                                                        <mix:iccProfileName>eciRGB v2</mix:iccProfileName>
                                                    </mix:IccProfile>
                                                </mix:ColorProfile>
                                            </mix:PhotometricInterpretation>
                                        </mix:BasicImageCharacteristics>
                                    </mix:BasicImageInformation>
                                    <mix:ImageCaptureMetadata>
                                        <mix:GeneralCaptureInformation>
                                            <mix:dateTimeCreated>2011-06-08T15:45:13.000+02:00</mix:dateTimeCreated>
                                        </mix:GeneralCaptureInformation>
                                        <mix:ScannerCapture>
                                            <mix:MaximumOpticalResolution>
                                                <mix:xOpticalResolution>1800</mix:xOpticalResolution>
                                                <mix:yOpticalResolution>1800</mix:yOpticalResolution>
                                            </mix:MaximumOpticalResolution>
                                        </mix:ScannerCapture>
                                        <mix:DigitalCameraCapture>
                                            <mix:DigitalCameraModel>
                                                <mix:digitalCameraModelName>NONE</mix:digitalCameraModelName>
                                            </mix:DigitalCameraModel>
                                            <mix:CameraCaptureSettings>
                                                <mix:ImageData>
                                                    <mix:exposureProgram>Aperture priority</mix:exposureProgram>
                                                    <mix:apertureValue>
                                                        <mix:numerator>314159265359</mix:numerator>
                                                        <mix:denominator>100000000000</mix:denominator>
                                                    </mix:apertureValue>
                                                    <mix:exposureBiasValue>
                                                        <mix:numerator>-50</mix:numerator>
                                                        <mix:denominator>10</mix:denominator>
                                                    </mix:exposureBiasValue>
                                                    <mix:maxApertureValue>
                                                        <mix:numerator>2625</mix:numerator>
                                                        <mix:denominator>1000</mix:denominator>
                                                    </mix:maxApertureValue>
                                                    <mix:lightSource>Flash</mix:lightSource>
                                                </mix:ImageData>
                                            </mix:CameraCaptureSettings>
                                        </mix:DigitalCameraCapture>
                                        <mix:orientation>normal*</mix:orientation>
                                    </mix:ImageCaptureMetadata>
                                    <mix:ImageAssessmentMetadata>
                                        <mix:ImageColorEncoding>
                                            <mix:BitsPerSample>
                                                <mix:bitsPerSampleValue>16</mix:bitsPerSampleValue>
                                                <mix:bitsPerSampleUnit>integer</mix:bitsPerSampleUnit>
                                            </mix:BitsPerSample>
                                            <mix:samplesPerPixel>3</mix:samplesPerPixel>
                                        </mix:ImageColorEncoding>
                                    </mix:ImageAssessmentMetadata>
                                    <mix:ChangeHistory>
                                        <mix:ImageProcessing>
                                            <mix:dateTimeProcessed>1970-01-01T01:59:59.000+01:00</mix:dateTimeProcessed>
                                            <mix:sourceData>initial capture</mix:sourceData>
                                            <mix:ProcessingSoftware>
                                                <mix:processingSoftwareName>Adobe Photoshop CS3 Macintosh</mix:processingSoftwareName>
                                            </mix:ProcessingSoftware>
                                        </mix:ImageProcessing>
                                    </mix:ChangeHistory>
                                </mix:mix>
                            </premis:objectCharacteristicsExtension>
                        </premis:objectCharacteristics>
                    </premis:object>
                </mets:xmlData>
            </mets:mdWrap>
        </mets:techMD>
        <mets:rightsMD CREATED="2017-05-11T12:19:55.394+02:00" ID="ModsRights1">
            <mets:mdWrap MDTYPE="MODS">
                <mets:xmlData>
                    <mods:mods xmlns:xlink="http://www.w3.org.1999/xlink" version="3.6" xsi:schemaLocation="http://www.loc.gov/mods/v3 http://www.loc.gov/standards/mods/v3/mods-3-6.xsd">
                        <mods:accessCondition>Det Kongelige Bibliotek</mods:accessCondition>
                    </mods:mods>
                </mets:xmlData>
            </mets:mdWrap>
        </mets:rightsMD>
        <mets:digiprovMD CREATED="2017-05-11T12:19:55.395+02:00" ID="PremisEvent1">
            <mets:mdWrap MDTYPE="PREMIS:EVENT">
                <mets:xmlData>
                    <premis:event xsi:schemaLocation="http://www.loc.gov/premis/v3 http://www.loc.gov/standards/premis/v3/premis-v3-0.xsd">
                        <premis:eventIdentifier>
                            <premis:eventIdentifierType>UUID</premis:eventIdentifierType>
                            <premis:eventIdentifierValue>02e46d61-1f7e-4ebe-b6de-2212fe041041</premis:eventIdentifierValue>
                        </premis:eventIdentifier>
                        <premis:eventType>ingestion</premis:eventType>
                        <premis:eventDateTime>2017-05-11T12:19:55.397+02:00</premis:eventDateTime>
                        <premis:linkingAgentIdentifier>
                            <premis:linkingAgentIdentifierType>kbDkInternal</premis:linkingAgentIdentifierType>
                            <premis:linkingAgentIdentifierValue>kbDkCumulusBevaringsService (v. Undetermined) </premis:linkingAgentIdentifierValue>
                        </premis:linkingAgentIdentifier>
                        <premis:linkingObjectIdentifier>
                            <premis:linkingObjectIdentifierType>UUID</premis:linkingObjectIdentifierType>
                            <premis:linkingObjectIdentifierValue>ece9b2d0-0758-11e0-bc9e-0016357f605f</premis:linkingObjectIdentifierValue>
                        </premis:linkingObjectIdentifier>
                    </premis:event>
                </mets:xmlData>
            </mets:mdWrap>
        </mets:digiprovMD>
        <mets:digiprovMD CREATED="2017-05-11T12:19:55.397+02:00" ID="PremisRepresentation1">
            <mets:mdWrap MDTYPE="PREMIS">
                <mets:xmlData>
                    <premis:object xsi:schemaLocation="http://www.loc.gov/premis/v3 http://www.loc.gov/standards/premis/v3/premis-v3-0.xsd" xsi:type="premis:representation">
                        <premis:objectIdentifier>
                            <premis:objectIdentifierType>UUID</premis:objectIdentifierType>
                            <premis:objectIdentifierValue>METADATA_GUID_PLACE_HOLDER</premis:objectIdentifierValue>
                        </premis:objectIdentifier>
                        <premis:preservationLevel>
                            <premis:preservationLevelType>bitSafety</premis:preservationLevelType>
                            <premis:preservationLevelValue>VeryHigh</premis:preservationLevelValue>
                            <premis:preservationLevelDateAssigned>2010-01-04T00:00:00.000+01:00</premis:preservationLevelDateAssigned>
                        </premis:preservationLevel>
                        <premis:preservationLevel>
                            <premis:preservationLevelType>logical</premis:preservationLevelType>
                            <premis:preservationLevelValue>Migration</premis:preservationLevelValue>
                            <premis:preservationLevelDateAssigned>2010-01-04T00:00:00.000+01:00</premis:preservationLevelDateAssigned>
                        </premis:preservationLevel>
                        <premis:preservationLevel>
                            <premis:preservationLevelType>confidentiality</premis:preservationLevelType>
                            <premis:preservationLevelValue>Low</premis:preservationLevelValue>
                            <premis:preservationLevelDateAssigned>2010-01-04T00:00:00.000+01:00</premis:preservationLevelDateAssigned>
                        </premis:preservationLevel>
                        <premis:relationship>
                            <premis:relationshipType>structural</premis:relationshipType>
                            <premis:relationshipSubType>represents</premis:relationshipSubType>
                            <premis:relatedObjectIdentifier>
                                <premis:relatedObjectIdentifierType>UUID</premis:relatedObjectIdentifierType>
                                <premis:relatedObjectIdentifierValue>relatedObjectIdentifierValue_intellectualEntity_PLACE_HOLDER</premis:relatedObjectIdentifierValue>
                            </premis:relatedObjectIdentifier>
                        </premis:relationship>
                    </premis:object>
                </mets:xmlData>
            </mets:mdWrap>
        </mets:digiprovMD>
    </mets:amdSec>
    <mets:fileSec>
        <mets:fileGrp>
            <mets:file ID="fileId1">
                <mets:FLocat LOCTYPE="URN" xlink:href="urn:uuid:ece9b2d0-0758-11e0-bc9e-0016357f605f"/>
            </mets:file>
        </mets:fileGrp>
    </mets:fileSec>
    <mets:structMap TYPE="logical">
        <mets:div DMDID="Mods1" ADMID="ModsRights1 PremisEvent1 PremisObject1 PremisRepresentation1">
            <mets:fptr FILEID="fileId1"/>
        </mets:div>
    </mets:structMap>
</mets:mets>
