TEST FILE FOR METS.
TODO: replace with actual mets file
